Index
=====

a: america.txt line 7, glimpse.txt line 1, glimpse.txt line 3, glimpse.txt line 4, glimpse.txt line 5, glimpse.txt line 6, glimpse.txt line 8, glimpse.txt line 9, spider.txt line 1, spider.txt line 3, spider.txt line 4
a-crowding: captain.txt line 14
adamant: america.txt line 8
alike: america.txt line 4
all: america.txt line 4, captain.txt line 5
america: america.txt line 1
amid: glimpse.txt line 8
ample: america.txt line 5
an: glimpse.txt line 3
anchor: spider.txt line 12
anchor’d: captain.txt line 23
and: america.txt line 6, captain.txt line 6, captain.txt line 10, captain.txt line 12, captain.txt line 14, captain.txt line 19, captain.txt line 21, captain.txt line 23, captain.txt line 25, captain.txt line 28, glimpse.txt line 4, glimpse.txt line 5, glimpse.txt line 6, glimpse.txt line 8, spider.txt line 9
answer: captain.txt line 21
approaching: glimpse.txt line 6
are: captain.txt line 21
arm: captain.txt line 17, captain.txt line 22
around: glimpse.txt line 4
bar-room: glimpse.txt line 4
be: spider.txt line 12
being: glimpse.txt line 9
bells: captain.txt line 5, captain.txt line 12, captain.txt line 25
beneath: captain.txt line 17
bleeding: captain.txt line 8
bouquets: captain.txt line 14
bridge: spider.txt line 12
bugle: captain.txt line 13
but: captain.txt line 7, captain.txt line 26
by: glimpse.txt line 7
call: captain.txt line 15
capable: america.txt line 5
captain: captain.txt line 1, captain.txt line 3, captain.txt line 9, captain.txt line 12, captain.txt line 16, captain.txt line 21, captain.txt line 27
catch: spider.txt line 13
caught: glimpse.txt line 3
ceaselessly: spider.txt line 11
centre: america.txt line 3
chair’d: america.txt line 8
closed: captain.txt line 23
cold: captain.txt line 10, captain.txt line 19, captain.txt line 28
comes: captain.txt line 24
coming: glimpse.txt line 8
connect: spider.txt line 11
content: glimpse.txt line 9
corner: glimpse.txt line 5
crowd: glimpse.txt line 4
daring: captain.txt line 6
daughters: america.txt line 3
dead: captain.txt line 10, captain.txt line 19, captain.txt line 28
dear: captain.txt line 16
deck: captain.txt line 9, captain.txt line 18, captain.txt line 27
detached: spider.txt line 10
does: captain.txt line 21, captain.txt line 22
done: captain.txt line 3, captain.txt line 23
dream: captain.txt line 18
drinking: glimpse.txt line 8
drivers: glimpse.txt line 4
drops: captain.txt line 8
ductile: spider.txt line 12
eager: captain.txt line 15
earth: america.txt line 6
endear’d: america.txt line 4
enduring: america.txt line 5
equal: america.txt line 3
ever: spider.txt line 7
every: captain.txt line 4
explore: spider.txt line 5
exult: captain.txt line 25
exulting: captain.txt line 5
eyes: captain.txt line 6
faces: captain.txt line 15
fair: america.txt line 5
fallen: captain.txt line 10, captain.txt line 19, captain.txt line 28
father: captain.txt line 16, captain.txt line 22
fearful: captain.txt line 3, captain.txt line 24
feel: captain.txt line 22
filament: spider.txt line 6
flag: captain.txt line 13
fling: spider.txt line 13
flung: captain.txt line 13
follow: captain.txt line 6
for: captain.txt line 13, captain.txt line 14, captain.txt line 15
form’d: spider.txt line 12
forth: spider.txt line 6
freedom: america.txt line 6
from: captain.txt line 24
glimpse: glimpse.txt line 1, glimpse.txt line 3
going: glimpse.txt line 8
gossamer: spider.txt line 13
grand: america.txt line 7
grim: captain.txt line 6
grown: america.txt line 4
hand: glimpse.txt line 7
happy: glimpse.txt line 9
has: captain.txt line 4, captain.txt line 22
he: captain.txt line 22, glimpse.txt line 7
head: captain.txt line 17
hear: captain.txt line 5, captain.txt line 12
heart: captain.txt line 7
here: captain.txt line 16
himself: glimpse.txt line 6
his: captain.txt line 21
hold: glimpse.txt line 7, spider.txt line 12
how: spider.txt line 5
i: captain.txt line 5, captain.txt line 26, glimpse.txt line 5, glimpse.txt line 6, spider.txt line 4
in: america.txt line 8, captain.txt line 24, glimpse.txt line 4, glimpse.txt line 5, glimpse.txt line 9, spider.txt line 10
interstice: glimpse.txt line 3
is: captain.txt line 3, captain.txt line 4, captain.txt line 5, captain.txt line 13, captain.txt line 18, captain.txt line 23
isolated: spider.txt line 4
it: captain.txt line 18, spider.txt line 4, spider.txt line 6
its: captain.txt line 23
itself: spider.txt line 6
jest: glimpse.txt line 8
keel: captain.txt line 6
late: glimpse.txt line 4
launch’d: spider.txt line 6
law: america.txt line 6
lies: captain.txt line 9, captain.txt line 27
lips: captain.txt line 21
little: glimpse.txt line 9, spider.txt line 4
long: glimpse.txt line 8
love: america.txt line 6, glimpse.txt line 6
loves: glimpse.txt line 6
mark’d: spider.txt line 4, spider.txt line 5
mass: captain.txt line 15
may: glimpse.txt line 7
me: glimpse.txt line 6, glimpse.txt line 7
measureless: spider.txt line 10
mother: america.txt line 7
mournful: captain.txt line 26
musing: spider.txt line 11
my: captain.txt line 1, captain.txt line 3, captain.txt line 9, captain.txt line 12, captain.txt line 21, captain.txt line 22, captain.txt line 27, spider.txt line 9, spider.txt line 13
near: captain.txt line 5, glimpse.txt line 6
need: spider.txt line 12
night: glimpse.txt line 4
no: captain.txt line 22
noiseless: spider.txt line 1, spider.txt line 3
noises: glimpse.txt line 8
nor: captain.txt line 22
not: captain.txt line 21, captain.txt line 22, glimpse.txt line 9
o: captain.txt line 1, captain.txt line 3, captain.txt line 7, captain.txt line 8, captain.txt line 12, captain.txt line 25, spider.txt line 9, spider.txt line 13
oath: glimpse.txt line 8
object: captain.txt line 24
oceans: spider.txt line 10
of: america.txt line 3, america.txt line 8, captain.txt line 8, glimpse.txt line 4, glimpse.txt line 6, glimpse.txt line 8, spider.txt line 6, spider.txt line 10
old: america.txt line 4
on: captain.txt line 9, captain.txt line 18, spider.txt line 4
or: america.txt line 4
our: captain.txt line 3
out: spider.txt line 6
pale: captain.txt line 21
patient: spider.txt line 1, spider.txt line 3
people: captain.txt line 5
perennial: america.txt line 6
perhaps: glimpse.txt line 9
port: captain.txt line 5
prize: captain.txt line 4
promontory: spider.txt line 4
pulse: captain.txt line 22
rack: captain.txt line 4
red: captain.txt line 8
ribbon’d: captain.txt line 14
rich: america.txt line 5
ring: captain.txt line 25
rise: captain.txt line 12, captain.txt line 13
safe: captain.txt line 23
sane: america.txt line 7
seated: america.txt line 7, glimpse.txt line 5
seating: glimpse.txt line 6
seeking: spider.txt line 11
ship: captain.txt line 4, captain.txt line 23, captain.txt line 24
shores: captain.txt line 14, captain.txt line 25
silently: glimpse.txt line 6
smutty: glimpse.txt line 8
some: captain.txt line 18
somewhere: spider.txt line 13
sons: america.txt line 3
sought: captain.txt line 4
soul: spider.txt line 9, spider.txt line 13
sound: captain.txt line 23
space: spider.txt line 10
speaking: glimpse.txt line 9
speeding: spider.txt line 7
spheres: spider.txt line 11
spider: spider.txt line 1, spider.txt line 3
stand: spider.txt line 9
steady: captain.txt line 6
still: captain.txt line 21
stood: spider.txt line 4
stove: glimpse.txt line 4
strong: america.txt line 5
surrounded: spider.txt line 10
surrounding: spider.txt line 5
swaying: captain.txt line 15
that: captain.txt line 18, glimpse.txt line 7
the: america.txt line 6, america.txt line 8, captain.txt line 4, captain.txt line 5, captain.txt line 6, captain.txt line 8, captain.txt line 9, captain.txt line 12, captain.txt line 13, captain.txt line 14, captain.txt line 15, captain.txt line 18, captain.txt line 23, captain.txt line 24, captain.txt line 27, glimpse.txt line 4, glimpse.txt line 7, glimpse.txt line 8, spider.txt line 5, spider.txt line 11, spider.txt line 12, spider.txt line 13
their: captain.txt line 15
them: spider.txt line 7, spider.txt line 11
there: glimpse.txt line 9
they: captain.txt line 15
this: captain.txt line 17
thread: spider.txt line 13
through: glimpse.txt line 3
throwing: spider.txt line 11
till: spider.txt line 12, spider.txt line 13
time: america.txt line 8
tirelessly: spider.txt line 7
to: spider.txt line 5, spider.txt line 11
together: glimpse.txt line 9
towering: america.txt line 7
tread: captain.txt line 26
trills: captain.txt line 13
trip: captain.txt line 3, captain.txt line 24
turning: captain.txt line 15
two: glimpse.txt line 9
ungrown: america.txt line 4
unreeling: spider.txt line 7
unremark’d: glimpse.txt line 5
up: captain.txt line 12, captain.txt line 13
vacant: spider.txt line 5
vast: spider.txt line 5
venturing: spider.txt line 11
vessel: captain.txt line 6
victor: captain.txt line 24
voyage: captain.txt line 23
walk: captain.txt line 27
we: captain.txt line 4, glimpse.txt line 9
weather’d: captain.txt line 4
where: captain.txt line 9, spider.txt line 4, spider.txt line 9
while: captain.txt line 6, glimpse.txt line 8
who: glimpse.txt line 6
whom: glimpse.txt line 6
will: captain.txt line 22, spider.txt line 12
winter: glimpse.txt line 4
with: america.txt line 6, captain.txt line 24, captain.txt line 26
won: captain.txt line 4, captain.txt line 24
word: glimpse.txt line 9
workmen: glimpse.txt line 4
wreaths: captain.txt line 14
you: captain.txt line 13, captain.txt line 14, captain.txt line 15, spider.txt line 9, spider.txt line 12, spider.txt line 13
young: america.txt line 4
your: captain.txt line 17
youth: glimpse.txt line 6
you’ve: captain.txt line 19

